This is pdfTeX, Version 3.141592653-2.6-1.40.22 (MiKTeX 21.6) (preloaded format=pdflatex 2021.7.30)  8 SEP 2021 22:19
entering extended mode
**./manuscript.tex
(manuscript.tex
LaTeX2e <2021-06-01>
L3 programming layer <2021-06-01> (WileyNJD-v2.cls
Document Class: WileyNJD-v2 2017/06/23 v0.2 Standard LaTeX document class for J
ournal
\job@temptoken=\toks16
(C:\Program Files\MiKTeX\tex/latex/base\article.cls
Document Class: article 2021/02/12 v1.4n Standard LaTeX document class
(C:\Program Files\MiKTeX\tex/latex/base\fleqn.clo
File: fleqn.clo 2016/12/29 v1.2b Standard LaTeX option (flush left equations)
\mathindent=\skip47
Applying: [2015/01/01] Make \[ robust on input line 50.
LaTeX Info: Redefining \[ on input line 51.
Already applied: [0000/00/00] Make \[ robust on input line 62.
Applying: [2015/01/01] Make \] robust on input line 74.
LaTeX Info: Redefining \] on input line 75.
Already applied: [0000/00/00] Make \] robust on input line 83.
)
(C:\Program Files\MiKTeX\tex/latex/base\size10.clo
File: size10.clo 2021/02/12 v1.4n Standard LaTeX file (size option)
)
\c@part=\count182
\c@section=\count183
\c@subsection=\count184
\c@subsubsection=\count185
\c@paragraph=\count186
\c@subparagraph=\count187
\c@figure=\count188
\c@table=\count189
\abovecaptionskip=\skip48
\belowcaptionskip=\skip49
\bibindent=\dimen138
)
(C:\Users\Anirudh Tomer\AppData\Roaming\MiKTeX\tex/latex/etex-pkg\etex.sty
Package: etex 2016/08/01 v2.7 eTeX basic definition package (PEB,DPC)
\et@xins=\count190
)
(C:\Program Files\MiKTeX\tex/latex/graphics\graphicx.sty
Package: graphicx 2020/12/05 v1.2c Enhanced LaTeX Graphics (DPC,SPQR)

(C:\Program Files\MiKTeX\tex/latex/graphics\keyval.sty
Package: keyval 2014/10/28 v1.15 key=value parser (DPC)
\KV@toks@=\toks17
)
(C:\Program Files\MiKTeX\tex/latex/graphics\graphics.sty
Package: graphics 2021/03/04 v1.4d Standard LaTeX Graphics (DPC,SPQR)

(C:\Program Files\MiKTeX\tex/latex/graphics\trig.sty
Package: trig 2016/01/03 v1.10 sin cos tan (DPC)
)
(C:\Program Files\MiKTeX\tex/latex/graphics-cfg\graphics.cfg
File: graphics.cfg 2016/06/04 v1.11 sample graphics configuration
)
Package graphics Info: Driver file: pdftex.def on input line 107.

(C:\Program Files\MiKTeX\tex/latex/graphics-def\pdftex.def
File: pdftex.def 2020/10/05 v1.2a Graphics/color driver for pdftex
))
\Gin@req@height=\dimen139
\Gin@req@width=\dimen140
)
(C:\Program Files\MiKTeX\tex/latex/tools\multicol.sty
Package: multicol 2019/12/09 v1.8y multicolumn formatting (FMi)
Normal \count register pool exhausted, switching to extended pool.
\c@tracingmulticols=\count277
\mult@box=\box50
\multicol@leftmargin=\dimen141
\c@unbalance=\count278
\c@collectmore=\count279
\doublecol@number=\count280
\multicoltolerance=\count281
\multicolpretolerance=\count282
\full@width=\dimen142
\page@free=\dimen143
\premulticols=\dimen144
\postmulticols=\dimen145
\multicolsep=\skip50
\multicolbaselineskip=\skip51
\partial@page=\box51
\last@line=\box52
\maxbalancingoverflow=\dimen146
\mult@rightbox=\box53
\mult@grightbox=\box54
\mult@gfirstbox=\box55
\mult@firstbox=\box56
\@tempa=\box57
\@tempa=\box58
\@tempa=\box59
\@tempa=\box60
\@tempa=\box61
\@tempa=\box62
\@tempa=\box63
\@tempa=\box64
\@tempa=\box65
\@tempa=\box66
\@tempa=\box67
\@tempa=\box68
\@tempa=\box69
\@tempa=\box70
\@tempa=\box71
\@tempa=\box72
\@tempa=\box73
\@tempa=\box74
\@tempa=\box75
\@tempa=\box76
\@tempa=\box77
\@tempa=\box78
\@tempa=\box79
\@tempa=\box80
\@tempa=\box81
\@tempa=\box82
\@tempa=\box83
\@tempa=\box84
\@tempa=\box85
\@tempa=\box86
\@tempa=\box87
\@tempa=\box88
\@tempa=\box89
\@tempa=\box90
\@tempa=\box91
\@tempa=\box92
\@tempa=\box93
\c@minrows=\count283
\c@columnbadness=\count284
\c@finalcolumnbadness=\count285
\last@try=\dimen147
\multicolovershoot=\dimen148
\multicolundershoot=\dimen149
\mult@nat@firstbox=\box94
\colbreak@box=\box95
\mc@col@check@num=\count286
)
(C:\Users\Anirudh Tomer\AppData\Roaming\MiKTeX\tex/latex/multirow\multirow.sty
Package: multirow 2021/03/15 v2.8 Span multiple rows of a table
\multirow@colwidth=\skip52
\multirow@cntb=\count287
\multirow@dima=\skip53
\bigstrutjot=\dimen150
) (C:\Users\Anirudh Tomer\AppData\Roaming\MiKTeX\tex/latex/sttools\cuted.sty
Package: cuted 2012/10/04 v1.5 Mixing onecolumn and twocolumn modes
\At@ViperColsBreak=\toks18
\v@aaa=\box96
\v@ccc=\box97
\lastskip@a=\skip54
\lastskip@b=\skip55
\lastskip@d=\skip56
\lastbox@a=\box98
\stripsep=\skip57
\@viper=\box99
\viper@penalty=\count288
\hold@viper=\box100
\ht@viper=\dimen151
)
(C:\Program Files\MiKTeX\tex/generic/iftex\ifpdf.sty
Package: ifpdf 2019/10/25 v3.4 ifpdf legacy package. Use iftex instead.

(C:\Program Files\MiKTeX\tex/generic/iftex\iftex.sty
Package: iftex 2020/03/06 v1.0d TeX engine tests
))
(C:\Program Files\MiKTeX\tex/latex/url\url.sty
\Urlmuskip=\muskip16
Package: url 2013/09/16  ver 3.4  Verb mode for urls, etc.
)
(C:\Users\Anirudh Tomer\AppData\Roaming\MiKTeX\tex/latex/changepage\changepage.
sty
Package: changepage 2009/10/20 v1.0c check page and change page layout
\c@cp@cntr=\count289
\cp@tempcnt=\count290
) (C:\Program Files\MiKTeX\tex/latex/tools\calc.sty
Package: calc 2017/05/25 v4.3 Infix arithmetic (KKT,FJ)
\calc@Acount=\count291
\calc@Bcount=\count292
\calc@Adimen=\dimen152
\calc@Bdimen=\dimen153
\calc@Askip=\skip58
\calc@Bskip=\skip59
LaTeX Info: Redefining \setlength on input line 80.
LaTeX Info: Redefining \addtolength on input line 81.
\calc@Ccount=\count293
\calc@Cskip=\skip60
)
(C:\Program Files\MiKTeX\tex/latex/xcolor\xcolor.sty
Package: xcolor 2016/05/11 v2.12 LaTeX color extensions (UK)

(C:\Program Files\MiKTeX\tex/latex/graphics-cfg\color.cfg
File: color.cfg 2016/01/02 v1.6 sample color configuration
)
Package xcolor Info: Driver file: pdftex.def on input line 225.
Package xcolor Info: Model `cmy' substituted by `cmy0' on input line 1348.
Package xcolor Info: Model `hsb' substituted by `rgb' on input line 1352.
Package xcolor Info: Model `RGB' extended on input line 1364.
Package xcolor Info: Model `HTML' substituted by `rgb' on input line 1366.
Package xcolor Info: Model `Hsb' substituted by `hsb' on input line 1367.
Package xcolor Info: Model `tHsb' substituted by `hsb' on input line 1368.
Package xcolor Info: Model `HSB' substituted by `hsb' on input line 1369.
Package xcolor Info: Model `Gray' substituted by `gray' on input line 1370.
Package xcolor Info: Model `wave' substituted by `hsb' on input line 1371.
)
(C:\Users\Anirudh Tomer\AppData\Roaming\MiKTeX\tex/latex/float\float.sty
Package: float 2001/11/08 v1.3d Float enhancements (AL)
\c@float@type=\count294
\float@exts=\toks19
\float@box=\box101
\@float@everytoks=\toks20
\@floatcapt=\box102
)
(C:\Users\Anirudh Tomer\AppData\Roaming\MiKTeX\tex/latex/sttools\floatpag.sty
Package: floatpag 2012/05/29 v1.1 Different pagestyles on float pages
Package: floatpag 1999/04/29 FLOAT PAGESTYLE
)
(C:\Users\Anirudh Tomer\AppData\Roaming\MiKTeX\tex/latex/dblfloatfix\dblfloatfi
x.sty
Package: dblfloatfix 2012/12/31 v1.0a (JAW)
 (C:\Program Files\MiKTeX\tex/latex/base\fixltx2e.sty
Package: fixltx2e 2016/12/29 v2.1a fixes to LaTeX (obsolete)
Applying: [2015/01/01] Old fixltx2e package on input line 46.


Package fixltx2e Warning: fixltx2e is not required with releases after 2015
(fixltx2e)                All fixes are now in the LaTeX kernel.
(fixltx2e)                See the latexrelease package for details.

Already applied: [0000/00/00] Old fixltx2e package on input line 53.
)
\@dblbotnum=\count295
\c@dblbotnumber=\count296
) (C:\Program Files\MiKTeX\tex/latex/graphics\rotating.sty
Package: rotating 2016/08/11 v2.16d rotated objects in LaTeX

(C:\Program Files\MiKTeX\tex/latex/base\ifthen.sty
Package: ifthen 2020/11/24 v1.1c Standard LaTeX ifthen package (DPC)
)
\c@r@tfl@t=\count297
\rotFPtop=\skip61
\rotFPbot=\skip62
\rot@float@box=\box103
\rot@mess@toks=\toks21
)
(C:\Users\Anirudh Tomer\AppData\Roaming\MiKTeX\tex/latex/ulem\ulem.sty
\UL@box=\box104
\UL@hyphenbox=\box105
\UL@skip=\skip63
\UL@hook=\toks22
\UL@height=\dimen154
\UL@pe=\count298
\UL@pixel=\dimen155
\ULC@box=\box106
Package: ulem 2019/11/18
\ULdepth=\dimen156
)
(C:\Program Files\MiKTeX\tex/latex/tools\enumerate.sty
Package: enumerate 2015/07/23 v3.00 enumerate extensions (DPC)
\@enLab=\toks23
)
(C:\Users\Anirudh Tomer\AppData\Roaming\MiKTeX\tex/generic/soul\soul.sty
Package: soul 2003/11/17 v2.4 letterspacing/underlining (mf)
\SOUL@word=\toks24
\SOUL@lasttoken=\toks25
\SOUL@cmds=\toks26
\SOUL@buffer=\toks27
\SOUL@token=\toks28
\SOUL@spaceskip=\skip64
\SOUL@ttwidth=\dimen157
\SOUL@uldp=\dimen158
\SOUL@ulht=\dimen159
)
(C:\Users\Anirudh Tomer\AppData\Roaming\MiKTeX\tex/latex/caption\caption.sty
Package: caption 2020/10/26 v3.5g Customizing captions (AR)

(C:\Users\Anirudh Tomer\AppData\Roaming\MiKTeX\tex/latex/caption\caption3.sty
Package: caption3 2020/10/21 v2.2e caption3 kernel (AR)
\captionmargin=\dimen160
\captionmargin@=\dimen161
\captionwidth=\dimen162
\caption@tempdima=\dimen163
\caption@indent=\dimen164
\caption@parindent=\dimen165
\caption@hangindent=\dimen166
Package caption Info: Standard document class detected.
)
\c@caption@flags=\count299
\c@continuedfloat=\count300
Package caption Info: changepage package is loaded.
\caption@adjustwidth@hsize=\dimen167
\caption@adjustwidth@linewidth=\dimen168
Package caption Info: float package is loaded.
Package caption Info: rotating package is loaded.
) (C:\Program Files\MiKTeX\tex/latex/hyperref\hyperref.sty
Package: hyperref 2021-06-05 v7.00l Hypertext links for LaTeX

(C:\Users\Anirudh Tomer\AppData\Roaming\MiKTeX\tex/generic/ltxcmds\ltxcmds.sty
Package: ltxcmds 2020-05-10 v1.25 LaTeX kernel commands for general use (HO)
) (C:\Program Files\MiKTeX\tex/generic/pdftexcmds\pdftexcmds.sty
Package: pdftexcmds 2020-06-27 v0.33 Utility functions of pdfTeX for LuaTeX (HO
)

(C:\Users\Anirudh Tomer\AppData\Roaming\MiKTeX\tex/generic/infwarerr\infwarerr.
sty
Package: infwarerr 2019/12/03 v1.5 Providing info/warning/error messages (HO)
)
Package pdftexcmds Info: \pdf@primitive is available.
Package pdftexcmds Info: \pdf@ifprimitive is available.
Package pdftexcmds Info: \pdfdraftmode found.
)
(C:\Users\Anirudh Tomer\AppData\Roaming\MiKTeX\tex/generic/kvsetkeys\kvsetkeys.
sty
Package: kvsetkeys 2019/12/15 v1.18 Key value parser (HO)
)
(C:\Users\Anirudh Tomer\AppData\Roaming\MiKTeX\tex/generic/kvdefinekeys\kvdefin
ekeys.sty
Package: kvdefinekeys 2019-12-19 v1.6 Define keys (HO)
)
(C:\Users\Anirudh Tomer\AppData\Roaming\MiKTeX\tex/generic/pdfescape\pdfescape.
sty
Package: pdfescape 2019/12/09 v1.15 Implements pdfTeX's escape features (HO)
)
(C:\Users\Anirudh Tomer\AppData\Roaming\MiKTeX\tex/latex/hycolor\hycolor.sty
Package: hycolor 2020-01-27 v1.10 Color options for hyperref/bookmark (HO)
)
(C:\Users\Anirudh Tomer\AppData\Roaming\MiKTeX\tex/latex/letltxmacro\letltxmacr
o.sty
Package: letltxmacro 2019/12/03 v1.6 Let assignment for LaTeX macros (HO)
)
(C:\Users\Anirudh Tomer\AppData\Roaming\MiKTeX\tex/latex/auxhook\auxhook.sty
Package: auxhook 2019-12-17 v1.6 Hooks for auxiliary files (HO)
)
(C:\Users\Anirudh Tomer\AppData\Roaming\MiKTeX\tex/latex/kvoptions\kvoptions.st
y
Package: kvoptions 2020-10-07 v3.14 Key value format for package options (HO)
)
\@linkdim=\dimen169
\Hy@linkcounter=\count301
\Hy@pagecounter=\count302
 (C:\Program Files\MiKTeX\tex/latex/hyperref\pd1enc.def
File: pd1enc.def 2021-06-05 v7.00l Hyperref: PDFDocEncoding definition (HO)
Now handling font encoding PD1 ...
... no UTF-8 mapping file for font encoding PD1
)
(C:\Program Files\MiKTeX\tex/latex/hyperref\hyperref-langpatches.def
File: hyperref-langpatches.def 2021-06-05 v7.00l Hyperref: patches for babel la
nguages
)
(C:\Users\Anirudh Tomer\AppData\Roaming\MiKTeX\tex/generic/intcalc\intcalc.sty
Package: intcalc 2019/12/15 v1.3 Expandable calculations with integers (HO)
)
(C:\Users\Anirudh Tomer\AppData\Roaming\MiKTeX\tex/generic/etexcmds\etexcmds.st
y
Package: etexcmds 2019/12/15 v1.7 Avoid name clashes with e-TeX commands (HO)
)
\Hy@SavedSpaceFactor=\count303
 (C:\Program Files\MiKTeX\tex/latex/hyperref\puenc.def
File: puenc.def 2021-06-05 v7.00l Hyperref: PDF Unicode definition (HO)
Now handling font encoding PU ...
... no UTF-8 mapping file for font encoding PU
)
Package hyperref Info: Hyper figures OFF on input line 4192.
Package hyperref Info: Link nesting OFF on input line 4197.
Package hyperref Info: Hyper index ON on input line 4200.
Package hyperref Info: Plain pages OFF on input line 4207.
Package hyperref Info: Backreferencing OFF on input line 4212.
Package hyperref Info: Implicit mode ON; LaTeX internals redefined.
Package hyperref Info: Bookmarks ON on input line 4445.
\c@Hy@tempcnt=\count304
LaTeX Info: Redefining \url on input line 4804.
\XeTeXLinkMargin=\dimen170

(C:\Users\Anirudh Tomer\AppData\Roaming\MiKTeX\tex/generic/bitset\bitset.sty
Package: bitset 2019/12/09 v1.3 Handle bit-vector datatype (HO)

(C:\Users\Anirudh Tomer\AppData\Roaming\MiKTeX\tex/generic/bigintcalc\bigintcal
c.sty
Package: bigintcalc 2019/12/15 v1.5 Expandable calculations on big integers (HO
)
))
\Fld@menulength=\count305
\Field@Width=\dimen171
Normal \dimen register pool exhausted, switching to extended pool.
\Fld@charsize=\dimen256
Package hyperref Info: Hyper figures OFF on input line 6076.
Package hyperref Info: Link nesting OFF on input line 6081.
Package hyperref Info: Hyper index ON on input line 6084.
Package hyperref Info: backreferencing OFF on input line 6091.
Package hyperref Info: Link coloring OFF on input line 6096.
Package hyperref Info: Link coloring with OCG OFF on input line 6101.
Package hyperref Info: PDF/A mode OFF on input line 6106.
LaTeX Info: Redefining \ref on input line 6146.
LaTeX Info: Redefining \pageref on input line 6150.
 (C:\Program Files\MiKTeX\tex/latex/base\atbegshi-ltx.sty
Package: atbegshi-ltx 2021/01/10 v1.0c Emulation of the original atbegshi
package with kernel methods
)
\Hy@abspage=\count306
\c@Item=\count307
\c@Hfootnote=\count308
)
Package hyperref Info: Driver (autodetected): hpdftex.

(C:\Program Files\MiKTeX\tex/latex/hyperref\hpdftex.def
File: hpdftex.def 2021-06-05 v7.00l Hyperref driver for pdfTeX

(C:\Program Files\MiKTeX\tex/latex/base\atveryend-ltx.sty
Package: atveryend-ltx 2020/08/19 v1.0a Emulation of the original atvery packag
e
with kernel methods
)
\Fld@listcount=\count309
\c@bookmark@seq@number=\count310

(C:\Users\Anirudh Tomer\AppData\Roaming\MiKTeX\tex/latex/rerunfilecheck\rerunfi
lecheck.sty
Package: rerunfilecheck 2019/12/05 v1.9 Rerun checks for auxiliary files (HO)

(C:\Users\Anirudh Tomer\AppData\Roaming\MiKTeX\tex/generic/uniquecounter\unique
counter.sty
Package: uniquecounter 2019/12/15 v1.4 Provide unlimited unique counter (HO)
)
Package uniquecounter Info: New unique counter `rerunfilecheck' on input line 2
86.
)
\Hy@SectionHShift=\skip65
)
Package hyperref Info: Option `bookmarksopen' set `true' on input line 278.

(C:\Users\Anirudh Tomer\AppData\Roaming\MiKTeX\tex/latex/bookmark\bookmark.sty
Package: bookmark 2020-11-06 v1.29 PDF bookmarks (HO)

(C:\Users\Anirudh Tomer\AppData\Roaming\MiKTeX\tex/latex/bookmark\bkm-pdftex.de
f
File: bkm-pdftex.def 2020-11-06 v1.29 bookmark driver for pdfTeX (HO)
\BKM@id=\count311
)) (C:\Program Files\MiKTeX\tex/latex/oberdiek\twoopt.sty
Package: twoopt 2016/05/16 v1.6 Definitions with two optional arguments (HO)
)
(C:\Users\Anirudh Tomer\AppData\Roaming\MiKTeX\tex/latex/footmisc\footmisc.sty
Package: footmisc 2011/06/06 v5.5b a miscellany of footnote facilities
\FN@temptoken=\toks29
\footnotemargin=\dimen257
\c@pp@next@reset=\count312
Package footmisc Info: Declaring symbol style bringhurst on input line 855.
Package footmisc Info: Declaring symbol style chicago on input line 863.
Package footmisc Info: Declaring symbol style wiley on input line 872.
Package footmisc Info: Declaring symbol style lamport-robust on input line 883.

Package footmisc Info: Declaring symbol style lamport* on input line 903.
Package footmisc Info: Declaring symbol style lamport*-robust on input line 924
.
) (C:\Program Files\MiKTeX\tex/latex/tools\tabularx.sty
Package: tabularx 2020/01/15 v2.11c `tabularx' package (DPC)

(C:\Program Files\MiKTeX\tex/latex/tools\array.sty
Package: array 2021/04/20 v2.5e Tabular extension package (FMi)
\col@sep=\dimen258
\ar@mcellbox=\box107
\extrarowheight=\dimen259
\NC@list=\toks30
\extratabsurround=\skip66
\backup@length=\skip67
\ar@cellbox=\box108
)
\TX@col@width=\dimen260
\TX@old@table=\dimen261
\TX@old@col=\dimen262
\TX@target=\dimen263
\TX@delta=\dimen264
\TX@cols=\count313
\TX@ftn=\toks31
)
\tfboxrule=\dimen265
\bfboxrule=\dimen266
\BXRuleThickness=\dimen267
\BXleftrightskipdimen=\dimen268
\BXhsize=\dimen269
\FreePageSpace=\dimen270
\ovsize=\dimen271
\adjustskip=\skip68
\BXbox=\box109
\xxptspaceamount=\skip69
\BXboxoutbnewskip=\skip70
\BXdim=\dimen272
\BXgraybox=\box110

(C:\Users\Anirudh Tomer\AppData\Roaming\MiKTeX\tex/latex/varwidth\varwidth.sty
Package: varwidth 2009/03/30 ver 0.92;  Variable-width minipages
\@vwid@box=\box111
\sift@deathcycles=\count314
\@vwid@loff=\dimen273
\@vwid@roff=\dimen274
) (C:\Program Files\MiKTeX\tex/latex/tools\dcolumn.sty
Package: dcolumn 2014/10/28 v1.06 decimal alignment package (DPC)
)
(C:\Users\Anirudh Tomer\AppData\Roaming\MiKTeX\tex/latex/stix\stix.sty
Package: stix 2018/04/17 v1.1.3-latex STIX fonts support package
Now handling font encoding LS1 ...
... no UTF-8 mapping file for font encoding LS1
Now handling font encoding LS2 ...
... no UTF-8 mapping file for font encoding LS2
LaTeX Font Info:    Redeclaring symbol font `letters' on input line 76.
LaTeX Font Info:    Encoding `OML' has changed to `LS1' for symbol font
(Font)              `letters' in the math version `normal' on input line 76.
LaTeX Font Info:    Overwriting symbol font `letters' in version `normal'
(Font)                  OML/cmm/m/it --> LS1/stix/m/it on input line 76.
LaTeX Font Info:    Encoding `OML' has changed to `LS1' for symbol font
(Font)              `letters' in the math version `bold' on input line 76.
LaTeX Font Info:    Overwriting symbol font `letters' in version `bold'
(Font)                  OML/cmm/b/it --> LS1/stix/m/it on input line 76.
LaTeX Font Info:    Redeclaring symbol font `operators' on input line 77.
LaTeX Font Info:    Encoding `OT1' has changed to `LS1' for symbol font
(Font)              `operators' in the math version `normal' on input line 77.
LaTeX Font Info:    Overwriting symbol font `operators' in version `normal'
(Font)                  OT1/cmr/m/n --> LS1/stix/m/n on input line 77.
LaTeX Font Info:    Encoding `OT1' has changed to `LS1' for symbol font
(Font)              `operators' in the math version `bold' on input line 77.
LaTeX Font Info:    Overwriting symbol font `operators' in version `bold'
(Font)                  OT1/cmr/bx/n --> LS1/stix/m/n on input line 77.
\symbold-operators=\mathgroup4
LaTeX Font Info:    Redeclaring symbol font `symbols' on input line 79.
LaTeX Font Info:    Encoding `OMS' has changed to `LS1' for symbol font
(Font)              `symbols' in the math version `normal' on input line 79.
LaTeX Font Info:    Overwriting symbol font `symbols' in version `normal'
(Font)                  OMS/cmsy/m/n --> LS1/stixscr/m/n on input line 79.
LaTeX Font Info:    Encoding `OMS' has changed to `LS1' for symbol font
(Font)              `symbols' in the math version `bold' on input line 79.
LaTeX Font Info:    Overwriting symbol font `symbols' in version `bold'
(Font)                  OMS/cmsy/b/n --> LS1/stixscr/m/n on input line 79.
\symsymbols2=\mathgroup5
\symsymbols3=\mathgroup6
\symsymbols4=\mathgroup7
\symintegrals=\mathgroup8
LaTeX Font Info:    Redeclaring symbol font `largesymbols' on input line 84.
LaTeX Font Info:    Encoding `OMX' has changed to `LS2' for symbol font
(Font)              `largesymbols' in the math version `normal' on input line 8
4.
LaTeX Font Info:    Overwriting symbol font `largesymbols' in version `normal'
(Font)                  OMX/cmex/m/n --> LS2/stixex/m/n on input line 84.
LaTeX Font Info:    Encoding `OMX' has changed to `LS2' for symbol font
(Font)              `largesymbols' in the math version `bold' on input line 84.

LaTeX Font Info:    Overwriting symbol font `largesymbols' in version `bold'
(Font)                  OMX/cmex/m/n --> LS2/stixex/m/n on input line 84.
\symarrows1=\mathgroup9
\symarrows2=\mathgroup10
\symarrows3=\mathgroup11
LaTeX Font Info:    Overwriting symbol font `letters' in version `bold'
(Font)                  LS1/stix/m/it --> LS1/stix/b/it on input line 88.
LaTeX Font Info:    Overwriting symbol font `operators' in version `bold'
(Font)                  LS1/stix/m/n --> LS1/stix/b/n on input line 89.
LaTeX Font Info:    Overwriting symbol font `symbols' in version `bold'
(Font)                  LS1/stixscr/m/n --> LS1/stixscr/b/n on input line 90.
LaTeX Font Info:    Overwriting symbol font `symbols2' in version `bold'
(Font)                  LS1/stixfrak/m/n --> LS1/stixfrak/b/n on input line 91.

LaTeX Font Info:    Overwriting symbol font `symbols3' in version `bold'
(Font)                  LS1/stixbb/m/n --> LS1/stixbb/b/n on input line 92.
LaTeX Font Info:    Overwriting symbol font `symbols4' in version `bold'
(Font)                  LS1/stixbb/m/it --> LS1/stixbb/b/it on input line 93.
LaTeX Font Info:    Overwriting symbol font `integrals' in version `bold'
(Font)                  LS2/stixcal/m/n --> LS2/stixcal/b/n on input line 94.
LaTeX Font Info:    Overwriting symbol font `largesymbols' in version `bold'
(Font)                  LS2/stixex/m/n --> LS2/stixex/b/n on input line 95.
LaTeX Font Info:    Overwriting symbol font `arrows1' in version `bold'
(Font)                  LS1/stixsf/m/n --> LS1/stixsf/b/n on input line 96.
LaTeX Font Info:    Overwriting symbol font `arrows2' in version `bold'
(Font)                  LS1/stixsf/m/it --> LS1/stixsf/b/it on input line 97.
LaTeX Font Info:    Overwriting symbol font `arrows3' in version `bold'
(Font)                  LS2/stixtt/m/n --> LS2/stixtt/b/n on input line 98.
LaTeX Font Info:    Redeclaring math alphabet \mathit on input line 99.
LaTeX Font Info:    Redeclaring math alphabet \mathsf on input line 106.
LaTeX Font Info:    Redeclaring math alphabet \mathtt on input line 108.
LaTeX Font Info:    Redeclaring math alphabet \mathbf on input line 109.
LaTeX Font Info:    Redeclaring math symbol \hbar on input line 227.
LaTeX Font Info:    Redeclaring math accent \grave on input line 698.
LaTeX Font Info:    Redeclaring math accent \acute on input line 699.
LaTeX Font Info:    Redeclaring math accent \hat on input line 700.
LaTeX Font Info:    Redeclaring math accent \tilde on input line 701.
LaTeX Font Info:    Redeclaring math accent \bar on input line 702.
LaTeX Font Info:    Redeclaring math accent \breve on input line 703.
LaTeX Font Info:    Redeclaring math accent \dot on input line 704.
LaTeX Font Info:    Redeclaring math accent \ddot on input line 705.
LaTeX Font Info:    Redeclaring math accent \mathring on input line 707.
LaTeX Font Info:    Redeclaring math accent \check on input line 708.
LaTeX Font Info:    Redeclaring math accent \vec on input line 716.
LaTeX Font Info:    Redeclaring math accent \widehat on input line 728.
LaTeX Font Info:    Redeclaring math accent \widetilde on input line 729.
LaTeX Info: Redefining \vdots on input line 1518.
LaTeX Info: Redefining \cdots on input line 1522.
LaTeX Font Info:    Redeclaring math symbol \mathsterling on input line 1978.
LaTeX Info: Redefining \not on input line 2144.
)
(C:\Program Files\MiKTeX\tex/latex/base\fontenc.sty
Package: fontenc 2021/04/29 v2.0v Standard LaTeX package
LaTeX Font Info:    Trying to load font information for T1+stix on input line 1
12.

(C:\Users\Anirudh Tomer\AppData\Roaming\MiKTeX\tex/latex/stix\t1stix.fd
File: t1stix.fd 2015/04/17 v1.1.2-latex STIX T1 font definitions
))
\trimwidth=\skip71
\trimheight=\skip72
\typewidth=\skip73
\typeheight=\skip74
\normaltextheight=\skip75
\blindfoliodrop=\skip76
\figheight=\skip77
\figwidth=\skip78
\tabledim=\skip79
\columnhsizevalue=\dimen275
\abs@coli@hsize=\skip80
\abs@colii@hsize=\skip81

(C:\Users\Anirudh Tomer\AppData\Roaming\MiKTeX\tex/latex/geometry\geometry.sty
Package: geometry 2020/01/02 v5.9 Page Geometry

(C:\Program Files\MiKTeX\tex/generic/iftex\ifvtex.sty
Package: ifvtex 2019/10/25 v1.7 ifvtex legacy package. Use iftex instead.
)
\Gm@cnth=\count315
\Gm@cntv=\count316
\c@Gm@tempcnt=\count317
\Gm@bindingoffset=\dimen276
\Gm@wd@mp=\dimen277
\Gm@odd@mp=\dimen278
\Gm@even@mp=\dimen279
\Gm@layoutwidth=\dimen280
\Gm@layoutheight=\dimen281
\Gm@layouthoffset=\dimen282
\Gm@layoutvoffset=\dimen283
\Gm@dimlist=\toks32

(C:\Users\Anirudh Tomer\AppData\Roaming\MiKTeX\tex/latex/geometry\geometry.cfg)
)
\parindentvalue=\dimen284
\pageheight=\dimen285
\rulecount=\count318
\leftcolrulepos=\dimen286
\rightcolrulepos=\dimen287

(C:\Users\Anirudh Tomer\AppData\Roaming\MiKTeX\tex/latex/eso-pic\showframe.sty
Package: showframe 2020/10/14 v0.1j showframe (new impl., RN)

(C:\Users\Anirudh Tomer\AppData\Roaming\MiKTeX\tex/latex/eso-pic\eso-pic.sty
Package: eso-pic 2020/10/14 v3.0a eso-pic (RN)
\ESO@tempdima=\dimen288
\ESO@tempdimb=\dimen289
)
\SF@tempdima=\dimen290
)
\artopleftskipdim=\dimen291
\@xmlpage=\write3
\c@spagecounter=\count319
\c@lpagecounter=\count320
LaTeX Info: Redefining \rm on input line 1300.
LaTeX Info: Redefining \sf on input line 1301.
LaTeX Info: Redefining \tt on input line 1302.
LaTeX Info: Redefining \bf on input line 1303.
LaTeX Info: Redefining \it on input line 1304.
LaTeX Info: Redefining \sl on input line 1305.
LaTeX Info: Redefining \sc on input line 1306.
LaTeX Info: Redefining \cal on input line 1307.
LaTeX Info: Redefining \mit on input line 1308.
\aucount=\count321
\corrauthcount=\count322
\authfncnt=\count323
\authfnTmpCnt=\count324
\aufootnotemark=\box112
\authmarkbox=\box113
\c@affn=\count325
\addcount=\count326
\emailcount=\count327
\punctcount=\count328
\foot@titlepage@raise@skip=\skip82
\lastauthorcnt=\count329
\fundinginfocount=\count330
\commafundinginfocount=\count331
\fundinginfotempcount=\count332
\tempfundinginfocount=\count333
\JELinfocount=\count334
\commaJELinfocount=\count335
\JELinfotempcount=\count336
\tempJELinfocount=\count337
\htftbox=\box114
\ovsize=\dimen292
\oovsize=\dimen293
\FreePageSpace=\dimen294
\FreePageSpaceTest=\dimen295
\fadjskip=\skip83
\adjustskip=\skip84
\titleskip=\skip85
\abs@boxa=\box115
\abs@boxb=\box116
\abs@boxc=\box117
\abs@dima=\dimen296
\abs@dimb=\dimen297
\abs@dimc=\dimen298
\adjtitleskip=\skip86
\c@chapter=\count338
\secruleskip=\skip87
\rhverticalsep=\skip88

(NJDnatbib.sty
Package: NJDnatbib 2010/09/13 8.31b (PWD, AO)
\bibhang=\skip89
\bibsep=\skip90
LaTeX Info: Redefining \cite on input line 700.
\c@NAT@ctr=\count339
)
\c@scheme=\count340

(C:\Users\Anirudh Tomer\AppData\Roaming\MiKTeX\tex/latex/booktabs\booktabs.sty
Package: booktabs 2020/01/12 v1.61803398 Publication quality tables
\heavyrulewidth=\dimen299
\lightrulewidth=\dimen300
\cmidrulewidth=\dimen301
\belowrulesep=\dimen302
\belowbottomsep=\dimen303
\aboverulesep=\dimen304
\abovetopsep=\dimen305
\cmidrulesep=\dimen306
\cmidrulekern=\dimen307
\defaultaddspace=\dimen308
\@cmidla=\count341
\@cmidlb=\count342
\@aboverulesep=\dimen309
\@belowrulesep=\dimen310
\@thisruleclass=\count343
\@lastruleclass=\count344
\@thisrulewidth=\dimen311
) (C:\Program Files\MiKTeX\tex/latex/amsmath\amsmath.sty
Package: amsmath 2021/04/20 v2.17j AMS math features
\@mathmargin=\skip91

For additional information on amsmath, use the `?' option.
(C:\Program Files\MiKTeX\tex/latex/amsmath\amstext.sty
Package: amstext 2000/06/29 v2.01 AMS text

(C:\Program Files\MiKTeX\tex/latex/amsmath\amsgen.sty
File: amsgen.sty 1999/11/30 v2.0 generic functions
\@emptytoks=\toks33
\ex@=\dimen312
))
(C:\Program Files\MiKTeX\tex/latex/amsmath\amsbsy.sty
Package: amsbsy 1999/11/29 v1.2d Bold Symbols
\pmbraise@=\dimen313
)
(C:\Program Files\MiKTeX\tex/latex/amsmath\amsopn.sty
Package: amsopn 2016/03/08 v2.02 operator names
)
\inf@bad=\count345
LaTeX Info: Redefining \frac on input line 234.
\uproot@=\count346
\leftroot@=\count347
LaTeX Info: Redefining \overline on input line 399.
\classnum@=\count348
\DOTSCASE@=\count349
LaTeX Info: Redefining \ldots on input line 496.
LaTeX Info: Redefining \dots on input line 499.
\Mathstrutbox@=\box118
\strutbox@=\box119
\big@size=\dimen314
LaTeX Font Info:    Redeclaring font encoding OML on input line 743.
LaTeX Font Info:    Redeclaring font encoding OMS on input line 744.
\macc@depth=\count350
\c@MaxMatrixCols=\count351
\dotsspace@=\muskip17
\c@parentequation=\count352
\dspbrk@lvl=\count353
\tag@help=\toks34
\row@=\count354
\column@=\count355
\maxfields@=\count356
\andhelp@=\toks35
\eqnshift@=\dimen315
\alignsep@=\dimen316
\tagshift@=\dimen317
\tagwidth@=\dimen318
\totwidth@=\dimen319
\lineht@=\dimen320
\@envbody=\toks36
\multlinegap=\skip92
\multlinetaggap=\skip93
\mathdisplay@stack=\toks37
LaTeX Info: Redefining \[ on input line 2923.
LaTeX Info: Redefining \] on input line 2924.
)
(C:\Users\Anirudh Tomer\AppData\Roaming\MiKTeX\tex/latex/amscls\amsthm.sty
Package: amsthm 2020/05/29 v2.20.6
\thm@style=\toks38
\thm@bodyfont=\toks39
\thm@headfont=\toks40
\thm@notefont=\toks41
\thm@headpunct=\toks42
\thm@preskip=\skip94
\thm@postskip=\skip95
\thm@headsep=\skip96
\dth@everypar=\toks43
)
\c@theorem=\count357
\c@construction=\count358
\c@estimate=\count359
\c@lemma=\count360
\c@corollary=\count361
\c@result=\count362
\c@algth=\count363
\c@proposition=\count364
\c@hypothesis=\count365
\c@experiment=\count366
\c@LWrule=\count367
\c@procedure=\count368
\c@assertion=\count369
\c@axiom=\count370
\c@conjecture=\count371
\c@criterion=\count372
\c@reduction=\count373
\c@sublemma=\count374
\c@case=\count375
\c@remark=\count376
\c@notation=\count377
\c@answer=\count378
\c@base=\count379
\c@claim=\count380
\c@ccomment=\count381
\c@subproof=\count382
\c@conclusion=\count383
\c@observation=\count384
\c@subcase=\count385
\c@step=\count386
\c@summary=\count387
\c@definition=\count388
\c@condition=\count389
\c@property=\count390
\c@problem=\count391
\c@fact=\count392
\c@assumption=\count393
\c@eexample=\count394
\c@model=\count395
\c@affirmation=\count396
\c@application=\count397
\c@convention=\count398
\c@discussion=\count399
\c@exercise=\count400
\c@question=\count401
\c@scholium=\count402
\c@terminology=\count403
\c@printcitcnt=\count404
\c@@pps=\count405
\c@@ppsavesec=\count406
\c@@ppsaveapp=\count407

(C:\Users\Anirudh Tomer\AppData\Roaming\MiKTeX\tex/latex/algorithms\algorithm.s
ty
Package: algorithm 2009/08/24 v0.1 Document Style `algorithm' - floating enviro
nment
\@float@every@algorithm=\toks44
\c@algorithm=\count408
)
(C:\Users\Anirudh Tomer\AppData\Roaming\MiKTeX\tex/latex/algorithmicx\algorithm
icx.sty
Package: algorithmicx 2005/04/27 v1.2 Algorithmicx

Document Style algorithmicx 1.2 - a greatly improved `algorithmic' style
\c@ALG@line=\count409
\c@ALG@rem=\count410
\c@ALG@nested=\count411
\ALG@tlm=\skip97
\ALG@thistlm=\skip98
\c@ALG@Lnr=\count412
\c@ALG@blocknr=\count413
\c@ALG@storecount=\count414
\c@ALG@tmpcounter=\count415
\ALG@tmplength=\skip99
)
(C:\Users\Anirudh Tomer\AppData\Roaming\MiKTeX\tex/latex/algorithmicx\algpseudo
code.sty
Package: algpseudocode 

Document Style - pseudocode environments for use with the `algorithmicx' style
) (C:\Program Files\MiKTeX\tex/latex/listings\listings.sty
\lst@mode=\count416
\lst@gtempboxa=\box120
\lst@token=\toks45
\lst@length=\count417
\lst@currlwidth=\dimen321
\lst@column=\count418
\lst@pos=\count419
\lst@lostspace=\dimen322
\lst@width=\dimen323
\lst@newlines=\count420
\lst@lineno=\count421
\lst@maxwidth=\dimen324

(C:\Program Files\MiKTeX\tex/latex/listings\lstmisc.sty
File: lstmisc.sty 2020/03/24 1.8d (Carsten Heinz)
\c@lstnumber=\count422
\lst@skipnumbers=\count423
\lst@framebox=\box121
)
(C:\Program Files\MiKTeX\tex/latex/listings\listings.cfg
File: listings.cfg 2020/03/24 1.8d listings configuration
))
Package: listings 2020/03/24 1.8d (Carsten Heinz)

(C:\Program Files\MiKTeX\tex/latex/base\alltt.sty
Package: alltt 2021/01/29 v2.0g defines alltt environment
)
\jnlcitationbox=\box122
\jnlcithsize=\dimen325

(C:\Users\Anirudh Tomer\AppData\Roaming\MiKTeX\tex/latex/wrapfig\wrapfig.sty
\wrapoverhang=\dimen326
\WF@size=\dimen327
\c@WF@wrappedlines=\count424
\WF@box=\box123
\WF@everypar=\toks46
Package: wrapfig 2003/01/31  v 3.6
)
\wraplines=\count425
\@authorfigbox=\box124
\@authorfigboxdim=\skip100
\biofigadjskip=\skip101
)
(C:\Program Files\MiKTeX\tex/latex/l3backend\l3backend-pdftex.def
File: l3backend-pdftex.def 2021-05-07 L3 backend support: PDF output (pdfTeX)
\l__color_backend_stack_int=\count426
\l__pdf_internal_box=\box125
)

LaTeX Warning: Unused global option(s):
    [AMA,STIX1COL].

(manuscript.aux)
\openout1 = `manuscript.aux'.

LaTeX Font Info:    Checking defaults for OML/cmm/m/it on input line 14.
LaTeX Font Info:    ... okay on input line 14.
LaTeX Font Info:    Checking defaults for OMS/cmsy/m/n on input line 14.
LaTeX Font Info:    ... okay on input line 14.
LaTeX Font Info:    Checking defaults for OT1/cmr/m/n on input line 14.
LaTeX Font Info:    ... okay on input line 14.
LaTeX Font Info:    Checking defaults for T1/cmr/m/n on input line 14.
LaTeX Font Info:    ... okay on input line 14.
LaTeX Font Info:    Checking defaults for TS1/cmr/m/n on input line 14.
LaTeX Font Info:    ... okay on input line 14.
LaTeX Font Info:    Checking defaults for OMX/cmex/m/n on input line 14.
LaTeX Font Info:    ... okay on input line 14.
LaTeX Font Info:    Checking defaults for U/cmr/m/n on input line 14.
LaTeX Font Info:    ... okay on input line 14.
LaTeX Font Info:    Checking defaults for PD1/pdf/m/n on input line 14.
LaTeX Font Info:    ... okay on input line 14.
LaTeX Font Info:    Checking defaults for PU/pdf/m/n on input line 14.
LaTeX Font Info:    ... okay on input line 14.
LaTeX Font Info:    Checking defaults for LS1/stix/m/n on input line 14.
LaTeX Font Info:    Trying to load font information for LS1+stix on input line 
14.

(C:\Users\Anirudh Tomer\AppData\Roaming\MiKTeX\tex/latex/stix\ls1stix.fd
File: ls1stix.fd 2015/04/17 v1.1.2-latex STIX LS1 font definitions
)
LaTeX Font Info:    ... okay on input line 14.
LaTeX Font Info:    Checking defaults for LS2/stix/m/n on input line 14.
LaTeX Font Info:    Trying to load font information for LS2+stix on input line 
14.

(C:\Users\Anirudh Tomer\AppData\Roaming\MiKTeX\tex/latex/stix\ls2stix.fd
File: ls2stix.fd 2015/04/17 v1.1.2-latex STIX LS2 font definitions
)
LaTeX Font Info:    ... okay on input line 14.

(C:\Program Files\MiKTeX\tex/context/base/mkii\supp-pdf.mkii
[Loading MPS to PDF converter (version 2006.09.02).]
\scratchcounter=\count427
\scratchdimen=\dimen328
\scratchbox=\box126
\nofMPsegments=\count428
\nofMParguments=\count429
\everyMPshowfont=\toks47
\MPscratchCnt=\count430
\MPscratchDim=\dimen329
\MPnumerator=\count431
\makeMPintoPDFobject=\count432
\everyMPtoPDFconversion=\toks48
) (C:\Program Files\MiKTeX\tex/latex/epstopdf-pkg\epstopdf-base.sty
Package: epstopdf-base 2020-01-24 v2.11 Base part for package epstopdf
Package epstopdf-base Info: Redefining graphics rule for `.eps' on input line 4
85.

(C:\Program Files\MiKTeX\tex/latex/00miktex\epstopdf-sys.cfg
File: epstopdf-sys.cfg 2021/03/18 v2.0 Configuration of epstopdf for MiKTeX
))
Package caption Info: Begin \AtBeginDocument code.
Package caption Info: hyperref package is loaded.
Package caption Info: listings package is loaded.
Package caption Info: wrapfig package is loaded.
Package caption Info: End \AtBeginDocument code.
Package hyperref Info: Link coloring OFF on input line 14.

(C:\Program Files\MiKTeX\tex/latex/hyperref\nameref.sty
Package: nameref 2021-04-02 v2.47 Cross-referencing by name of section

(C:\Users\Anirudh Tomer\AppData\Roaming\MiKTeX\tex/latex/refcount\refcount.sty
Package: refcount 2019/12/15 v3.6 Data extraction from label references (HO)
)
(C:\Users\Anirudh Tomer\AppData\Roaming\MiKTeX\tex/generic/gettitlestring\getti
tlestring.sty
Package: gettitlestring 2019/12/15 v1.6 Cleanup title references (HO)
)
\c@section@level=\count433
)
LaTeX Info: Redefining \ref on input line 14.
LaTeX Info: Redefining \pageref on input line 14.
LaTeX Info: Redefining \nameref on input line 14.

*geometry* driver: auto-detecting
*geometry* detected driver: pdftex
*geometry* verbose mode - [ preamble ] result:
* driver: pdftex
* paper: custom
* layout: <same size as paper>
* layoutoffset:(h,v)=(0.0pt,0.0pt)
* hratio: 1:1
* vratio: 1:1
* modes: twoside 
* h-part:(L,W,R)=(45.0pt, 507.50787pt, 45.0pt)
* v-part:(T,H,B)=(57.5pt, 668.79605pt, 59.0pt)
* \paperwidth=597.50787pt
* \paperheight=785.29605pt
* \textwidth=507.50787pt
* \textheight=668.79605pt
* \oddsidemargin=-27.26999pt
* \evensidemargin=-27.26999pt
* \topmargin=-46.76999pt
* \headheight=21.0pt
* \headsep=11.0pt
* \topskip=6.0pt
* \footskip=48.5pt
* \marginparwidth=0.0pt
* \marginparsep=0.0pt
* \columnsep=0.0pt
* \skip\footins=18.0pt plus 2.0pt minus 2.0pt
* \hoffset=0.0pt
* \voffset=0.0pt
* \mag=1000
* \@twocolumnfalse
* \@twosidetrue
* \@mparswitchtrue
* \@reversemarginfalse
* (1in=72.27pt=25.4mm, 1cm=28.453pt)

\c@lstlisting=\count434
LaTeX Font Info:    Calculating math sizes for size <18> on input line 49.
LaTeX Font Info:    Trying to load font information for LS1+stixscr on input li
ne 49.
(C:\Users\Anirudh Tomer\AppData\Roaming\MiKTeX\tex/latex/stix\ls1stixscr.fd
File: ls1stixscr.fd 2015/04/17 v1.1.2-latex STIX script LS1 font definitions
)
LaTeX Font Info:    Trying to load font information for LS2+stixex on input lin
e 49.

(C:\Users\Anirudh Tomer\AppData\Roaming\MiKTeX\tex/latex/stix\ls2stixex.fd
File: ls2stixex.fd 2015/04/17 v1.1.2-latex STIX extentions LS2 font definitions

)
LaTeX Font Info:    Trying to load font information for LS1+stixfrak on input l
ine 49.

(C:\Users\Anirudh Tomer\AppData\Roaming\MiKTeX\tex/latex/stix\ls1stixfrak.fd
File: ls1stixfrak.fd 2015/04/17 v1.1.2-latex STIX fraktur LS1 font definitions
)
LaTeX Font Info:    Trying to load font information for LS1+stixbb on input lin
e 49.

(C:\Users\Anirudh Tomer\AppData\Roaming\MiKTeX\tex/latex/stix\ls1stixbb.fd
File: ls1stixbb.fd 2015/04/17 v1.1.2-latex STIX blackboard LS1 font definitions

)
LaTeX Font Info:    Trying to load font information for LS2+stixcal on input li
ne 49.

(C:\Users\Anirudh Tomer\AppData\Roaming\MiKTeX\tex/latex/stix\ls2stixcal.fd
File: ls2stixcal.fd 2015/04/17 v1.1.2-latex STIX calligraphic LS2 font definiti
ons
)
LaTeX Font Info:    Trying to load font information for LS1+stixsf on input lin
e 49.

(C:\Users\Anirudh Tomer\AppData\Roaming\MiKTeX\tex/latex/stix\ls1stixsf.fd
File: ls1stixsf.fd 2015/04/17 v1.1.2-latex STIX sans-serif LS1 font definitions

)
LaTeX Font Info:    Trying to load font information for LS2+stixtt on input lin
e 49.

(C:\Users\Anirudh Tomer\AppData\Roaming\MiKTeX\tex/latex/stix\ls2stixtt.fd
File: ls2stixtt.fd 2015/04/17 v1.1.2-latex STIX typewriter LS2 font definitions

)

Package hyperref Warning: Token not allowed in a PDF string (Unicode):
(hyperref)                removing `\@ifnextchar' on input line 49.


Package hyperref Warning: Token not allowed in a PDF string (Unicode):
(hyperref)                removing `\<let>-command' on input line 49.


Package hyperref Warning: Token not allowed in a PDF string (Unicode):
(hyperref)                removing `\<let>-command' on input line 49.


Package hyperref Warning: Token not allowed in a PDF string (Unicode):
(hyperref)                removing `\afterassignment' on input line 49.


Package hyperref Warning: Token not allowed in a PDF string (Unicode):
(hyperref)                removing `\<let>-command' on input line 49.


Package hyperref Warning: Token not allowed in a PDF string (Unicode):
(hyperref)                removing `\<def>-command' on input line 49.


Package hyperref Warning: Token not allowed in a PDF string (Unicode):
(hyperref)                removing `\@thanks' on input line 49.


Overfull \hbox (346.99213pt too wide) in paragraph at lines 49--49
[][] | || []|[][] 
 []

LaTeX Font Info:    Calculating math sizes for size <10.03749> on input line 49
.
LaTeX Font Info:    Calculating math sizes for size <7.5> on input line 49.

Overfull \vbox (6.46347pt too high) has occurred while \output is active []


[1{C:/Users/Anirudh Tomer/AppData/Local/MiKTeX/pdftex/config/pdftex.map}

\openout3 = `manuscript.pag'.

]
Package epstopdf Info: Source file: <figure1.eps>
(epstopdf)                    date: 2021-04-06 19:24:01
(epstopdf)                    size: 138294 bytes
(epstopdf)             Output file: <figure1-eps-converted-to.pdf>
(epstopdf)                    date: 2021-08-15 13:27:15
(epstopdf)                    size: 57344 bytes
(epstopdf)             Command: <miktex-epstopdf --outfile=figure1-eps-converte
d-to.pdf figure1.eps>
(epstopdf)             \includegraphics on input line 59.
Package epstopdf Info: Output file is already uptodate.


pdfTeX warning: pdflatex.exe (file ./figure1-eps-converted-to.pdf): PDF inclusi
on: found PDF version <1.7>, but at most version <1.5> allowed
<figure1-eps-converted-to.pdf, id=27, 379.4175pt x 361.35pt>
File: figure1-eps-converted-to.pdf Graphic file (type pdf)
<use figure1-eps-converted-to.pdf>
Package pdftex.def Info: figure1-eps-converted-to.pdf  used on input line 59.
(pdftex.def)             Requested size: 379.41656pt x 361.34912pt.

LaTeX Warning: `!h' float specifier changed to `!ht'.


Overfull \vbox (0.9152pt too high) has occurred while \output is active []


[2] [3 <./figure1-eps-converted-to.pdf>] [4]
Package epstopdf Info: Source file: <figure2.eps>
(epstopdf)                    date: 2021-04-06 19:27:29
(epstopdf)                    size: 150929 bytes
(epstopdf)             Output file: <figure2-eps-converted-to.pdf>
(epstopdf)                    date: 2021-08-15 13:27:18
(epstopdf)                    size: 71595 bytes
(epstopdf)             Command: <miktex-epstopdf --outfile=figure2-eps-converte
d-to.pdf figure2.eps>
(epstopdf)             \includegraphics on input line 128.
Package epstopdf Info: Output file is already uptodate.


pdfTeX warning: pdflatex.exe (file ./figure2-eps-converted-to.pdf): PDF inclusi
on: found PDF version <1.7>, but at most version <1.5> allowed
<figure2-eps-converted-to.pdf, id=126, 379.4175pt x 505.89pt>
File: figure2-eps-converted-to.pdf Graphic file (type pdf)
<use figure2-eps-converted-to.pdf>
Package pdftex.def Info: figure2-eps-converted-to.pdf  used on input line 128.
(pdftex.def)             Requested size: 379.41656pt x 505.88875pt.

LaTeX Warning: `!h' float specifier changed to `!ht'.

[5]
Overfull \vbox (20.59372pt too high) has occurred while \output is active []


[6 <./figure2-eps-converted-to.pdf>]
Package epstopdf Info: Source file: <figure3.eps>
(epstopdf)                    date: 2021-04-06 19:44:51
(epstopdf)                    size: 139855 bytes
(epstopdf)             Output file: <figure3-eps-converted-to.pdf>
(epstopdf)                    date: 2021-08-15 13:27:21
(epstopdf)                    size: 51887 bytes
(epstopdf)             Command: <miktex-epstopdf --outfile=figure3-eps-converte
d-to.pdf figure3.eps>
(epstopdf)             \includegraphics on input line 157.
Package epstopdf Info: Output file is already uptodate.


pdfTeX warning: pdflatex.exe (file ./figure3-eps-converted-to.pdf): PDF inclusi
on: found PDF version <1.7>, but at most version <1.5> allowed
<figure3-eps-converted-to.pdf, id=168, 469.755pt x 325.215pt>
File: figure3-eps-converted-to.pdf Graphic file (type pdf)
<use figure3-eps-converted-to.pdf>
Package pdftex.def Info: figure3-eps-converted-to.pdf  used on input line 157.
(pdftex.def)             Requested size: 469.75386pt x 325.2142pt.
[7 <./figure3-eps-converted-to.pdf>] [8]

Package hyperref Warning: Token not allowed in a PDF string (Unicode):
(hyperref)                removing `math shift' on input line 214.


Package hyperref Warning: Token not allowed in a PDF string (Unicode):
(hyperref)                removing `\kappa' on input line 214.


Package hyperref Warning: Token not allowed in a PDF string (Unicode):
(hyperref)                removing `math shift' on input line 214.

Package epstopdf Info: Source file: <figure4.eps>
(epstopdf)                    date: 2021-04-06 19:51:41
(epstopdf)                    size: 215942 bytes
(epstopdf)             Output file: <figure4-eps-converted-to.pdf>
(epstopdf)                    date: 2021-08-15 13:27:23
(epstopdf)                    size: 95967 bytes
(epstopdf)             Command: <miktex-epstopdf --outfile=figure4-eps-converte
d-to.pdf figure4.eps>
(epstopdf)             \includegraphics on input line 220.
Package epstopdf Info: Output file is already uptodate.


pdfTeX warning: pdflatex.exe (file ./figure4-eps-converted-to.pdf): PDF inclusi
on: found PDF version <1.7>, but at most version <1.5> allowed
<figure4-eps-converted-to.pdf, id=207, 433.62pt x 433.62pt>
File: figure4-eps-converted-to.pdf Graphic file (type pdf)
<use figure4-eps-converted-to.pdf>
Package pdftex.def Info: figure4-eps-converted-to.pdf  used on input line 220.
(pdftex.def)             Requested size: 433.61894pt x 433.61894pt.

LaTeX Warning: `!h' float specifier changed to `!ht'.

[9] [10 <./figure4-eps-converted-to.pdf>]
Package epstopdf Info: Source file: <figure5.eps>
(epstopdf)                    date: 2021-04-06 19:58:24
(epstopdf)                    size: 183669 bytes
(epstopdf)             Output file: <figure5-eps-converted-to.pdf>
(epstopdf)                    date: 2021-08-15 13:27:25
(epstopdf)                    size: 55122 bytes
(epstopdf)             Command: <miktex-epstopdf --outfile=figure5-eps-converte
d-to.pdf figure5.eps>
(epstopdf)             \includegraphics on input line 246.
Package epstopdf Info: Output file is already uptodate.


pdfTeX warning: pdflatex.exe (file ./figure5-eps-converted-to.pdf): PDF inclusi
on: found PDF version <1.7>, but at most version <1.5> allowed
<figure5-eps-converted-to.pdf, id=274, 433.62pt x 433.62pt>
File: figure5-eps-converted-to.pdf Graphic file (type pdf)
<use figure5-eps-converted-to.pdf>
Package pdftex.def Info: figure5-eps-converted-to.pdf  used on input line 246.
(pdftex.def)             Requested size: 433.61894pt x 433.61894pt.

LaTeX Warning: `!h' float specifier changed to `!ht'.

[11] [12 <./figure5-eps-converted-to.pdf>]
Package epstopdf Info: Source file: <figure6.eps>
(epstopdf)                    date: 2021-04-06 19:59:49
(epstopdf)                    size: 124364 bytes
(epstopdf)             Output file: <figure6-eps-converted-to.pdf>
(epstopdf)                    date: 2021-08-15 13:27:28
(epstopdf)                    size: 35582 bytes
(epstopdf)             Command: <miktex-epstopdf --outfile=figure6-eps-converte
d-to.pdf figure6.eps>
(epstopdf)             \includegraphics on input line 271.
Package epstopdf Info: Output file is already uptodate.


pdfTeX warning: pdflatex.exe (file ./figure6-eps-converted-to.pdf): PDF inclusi
on: found PDF version <1.7>, but at most version <1.5> allowed
<figure6-eps-converted-to.pdf, id=320, 469.755pt x 469.755pt>
File: figure6-eps-converted-to.pdf Graphic file (type pdf)
<use figure6-eps-converted-to.pdf>
Package pdftex.def Info: figure6-eps-converted-to.pdf  used on input line 271.
(pdftex.def)             Requested size: 469.75386pt x 469.75386pt.

LaTeX Warning: `!h' float specifier changed to `!ht'.

[13] [14 <./figure6-eps-converted-to.pdf>] (manuscript.bbl [15] [16]) [17]
(manuscript.aux) ) 
Here is how much of TeX's memory you used:
 19376 strings out of 478864
 278592 string characters out of 2858491
 601683 words of memory out of 3000000
 36883 multiletter control sequences out of 15000+600000
 561891 words of font info for 237 fonts, out of 8000000 for 9000
 1167 hyphenation exceptions out of 8191
 75i,19n,80p,1758b,508s stack positions out of 5000i,500n,10000p,200000b,80000s
pdfTeX warning (dest): name{Hfootnote.1} has been referenced 
but does not exist, replaced by a fixed one

{C:/Users/Anirudh Tomer/AppData/Roaming/MiKTeX/fonts/enc/dvips/stix/stix-t1.enc
}<C:/Users/Anirudh Tomer/AppData/Roaming/MiKTeX/fonts/type1/public/stix/STIXGen
eral-Bold.pfb><C:/Users/Anirudh Tomer/AppData/Roaming/MiKTeX/fonts/type1/public
/stix/STIXGeneral-Italic.pfb><C:/Users/Anirudh Tomer/AppData/Roaming/MiKTeX/fon
ts/type1/public/stix/STIXGeneral-Regular.pfb><C:/Users/Anirudh Tomer/AppData/Ro
aming/MiKTeX/fonts/type1/public/stix/stix-mathcal.pfb><C:/Users/Anirudh Tomer/A
ppData/Roaming/MiKTeX/fonts/type1/public/stix/stix-mathex.pfb><C:/Users/Anirudh
 Tomer/AppData/Roaming/MiKTeX/fonts/type1/public/stix/stix-mathit-bold.pfb><C:/
Users/Anirudh Tomer/AppData/Roaming/MiKTeX/fonts/type1/public/stix/stix-mathit.
pfb><C:/Users/Anirudh Tomer/AppData/Roaming/MiKTeX/fonts/type1/public/stix/stix
-mathrm.pfb><C:/Users/Anirudh Tomer/AppData/Roaming/MiKTeX/fonts/type1/public/s
tix/stix-mathscr.pfb>
Output written on manuscript.pdf (17 pages, 667448 bytes).
PDF statistics:
 496 PDF objects out of 1000 (max. 8388607)
 80 named destinations out of 1000 (max. 500000)
 199 words of extra memory for PDF output out of 10000 (max. 10000000)

