This is pdfTeX, Version 3.141592653-2.6-1.40.22 (MiKTeX 21.6) (preloaded format=pdflatex 2021.7.30)  18 AUG 2021 21:51
entering extended mode
**./supplementary.tex
(supplementary.tex
LaTeX2e <2021-06-01>
L3 programming layer <2021-06-01>
(C:\Program Files\MiKTeX\tex/latex/base\article.cls
Document Class: article 2021/02/12 v1.4n Standard LaTeX document class
(C:\Program Files\MiKTeX\tex/latex/base\size12.clo
File: size12.clo 2021/02/12 v1.4n Standard LaTeX file (size option)
)
\c@part=\count182
\c@section=\count183
\c@subsection=\count184
\c@subsubsection=\count185
\c@paragraph=\count186
\c@subparagraph=\count187
\c@figure=\count188
\c@table=\count189
\abovecaptionskip=\skip47
\belowcaptionskip=\skip48
\bibindent=\dimen138
)
(C:\Program Files\MiKTeX\tex/latex/amsmath\amsmath.sty
Package: amsmath 2021/04/20 v2.17j AMS math features
\@mathmargin=\skip49

For additional information on amsmath, use the `?' option.
(C:\Program Files\MiKTeX\tex/latex/amsmath\amstext.sty
Package: amstext 2000/06/29 v2.01 AMS text

(C:\Program Files\MiKTeX\tex/latex/amsmath\amsgen.sty
File: amsgen.sty 1999/11/30 v2.0 generic functions
\@emptytoks=\toks16
\ex@=\dimen139
))
(C:\Program Files\MiKTeX\tex/latex/amsmath\amsbsy.sty
Package: amsbsy 1999/11/29 v1.2d Bold Symbols
\pmbraise@=\dimen140
)
(C:\Program Files\MiKTeX\tex/latex/amsmath\amsopn.sty
Package: amsopn 2016/03/08 v2.02 operator names
)
\inf@bad=\count190
LaTeX Info: Redefining \frac on input line 234.
\uproot@=\count191
\leftroot@=\count192
LaTeX Info: Redefining \overline on input line 399.
\classnum@=\count193
\DOTSCASE@=\count194
LaTeX Info: Redefining \ldots on input line 496.
LaTeX Info: Redefining \dots on input line 499.
LaTeX Info: Redefining \cdots on input line 620.
\Mathstrutbox@=\box50
\strutbox@=\box51
\big@size=\dimen141
LaTeX Font Info:    Redeclaring font encoding OML on input line 743.
LaTeX Font Info:    Redeclaring font encoding OMS on input line 744.
\macc@depth=\count195
\c@MaxMatrixCols=\count196
\dotsspace@=\muskip16
\c@parentequation=\count197
\dspbrk@lvl=\count198
\tag@help=\toks17
\row@=\count199
\column@=\count266
\maxfields@=\count267
\andhelp@=\toks18
\eqnshift@=\dimen142
\alignsep@=\dimen143
\tagshift@=\dimen144
\tagwidth@=\dimen145
\totwidth@=\dimen146
\lineht@=\dimen147
\@envbody=\toks19
\multlinegap=\skip50
\multlinetaggap=\skip51
\mathdisplay@stack=\toks20
LaTeX Info: Redefining \[ on input line 2923.
LaTeX Info: Redefining \] on input line 2924.
)
(C:\Program Files\MiKTeX\tex/latex/graphics\graphicx.sty
Package: graphicx 2020/12/05 v1.2c Enhanced LaTeX Graphics (DPC,SPQR)

(C:\Program Files\MiKTeX\tex/latex/graphics\keyval.sty
Package: keyval 2014/10/28 v1.15 key=value parser (DPC)
\KV@toks@=\toks21
)
(C:\Program Files\MiKTeX\tex/latex/graphics\graphics.sty
Package: graphics 2021/03/04 v1.4d Standard LaTeX Graphics (DPC,SPQR)

(C:\Program Files\MiKTeX\tex/latex/graphics\trig.sty
Package: trig 2016/01/03 v1.10 sin cos tan (DPC)
)
(C:\Program Files\MiKTeX\tex/latex/graphics-cfg\graphics.cfg
File: graphics.cfg 2016/06/04 v1.11 sample graphics configuration
)
Package graphics Info: Driver file: pdftex.def on input line 107.

(C:\Program Files\MiKTeX\tex/latex/graphics-def\pdftex.def
File: pdftex.def 2020/10/05 v1.2a Graphics/color driver for pdftex
))
\Gin@req@height=\dimen148
\Gin@req@width=\dimen149
)
(C:\Program Files\MiKTeX\tex/latex/tools\enumerate.sty
Package: enumerate 2015/07/23 v3.00 enumerate extensions (DPC)
\@enLab=\toks22
)
(C:\Users\Anirudh Tomer\AppData\Roaming\MiKTeX\tex/latex/natbib\natbib.sty
Package: natbib 2010/09/13 8.31b (PWD, AO)
\bibhang=\skip52
\bibsep=\skip53
LaTeX Info: Redefining \cite on input line 694.
\c@NAT@ctr=\count268
)
(C:\Program Files\MiKTeX\tex/latex/url\url.sty
\Urlmuskip=\muskip17
Package: url 2013/09/16  ver 3.4  Verb mode for urls, etc.
)
(C:\Users\Anirudh Tomer\AppData\Roaming\MiKTeX\tex/latex/preprint\authblk.sty
Package: authblk 2001/02/27 1.3 (PWD)
\affilsep=\skip54
\@affilsep=\skip55
\c@Maxaffil=\count269
\c@authors=\count270
\c@affil=\count271
)
(C:\Program Files\MiKTeX\tex/latex/l3backend\l3backend-pdftex.def
File: l3backend-pdftex.def 2021-05-07 L3 backend support: PDF output (pdfTeX)
\l__color_backend_stack_int=\count272
\l__pdf_internal_box=\box52
)
(supplementary.aux

LaTeX Warning: Label `eq:rel_risk_model' multiply defined.

)
\openout1 = `supplementary.aux'.

LaTeX Font Info:    Checking defaults for OML/cmm/m/it on input line 26.
LaTeX Font Info:    ... okay on input line 26.
LaTeX Font Info:    Checking defaults for OMS/cmsy/m/n on input line 26.
LaTeX Font Info:    ... okay on input line 26.
LaTeX Font Info:    Checking defaults for OT1/cmr/m/n on input line 26.
LaTeX Font Info:    ... okay on input line 26.
LaTeX Font Info:    Checking defaults for T1/cmr/m/n on input line 26.
LaTeX Font Info:    ... okay on input line 26.
LaTeX Font Info:    Checking defaults for TS1/cmr/m/n on input line 26.
LaTeX Font Info:    ... okay on input line 26.
LaTeX Font Info:    Checking defaults for OMX/cmex/m/n on input line 26.
LaTeX Font Info:    ... okay on input line 26.
LaTeX Font Info:    Checking defaults for U/cmr/m/n on input line 26.
LaTeX Font Info:    ... okay on input line 26.
 (C:\Program Files\MiKTeX\tex/context/base/mkii\supp-pdf.mkii
[Loading MPS to PDF converter (version 2006.09.02).]
\scratchcounter=\count273
\scratchdimen=\dimen150
\scratchbox=\box53
\nofMPsegments=\count274
\nofMParguments=\count275
\everyMPshowfont=\toks23
\MPscratchCnt=\count276
\MPscratchDim=\dimen151
\MPnumerator=\count277
\makeMPintoPDFobject=\count278
\everyMPtoPDFconversion=\toks24
) (C:\Program Files\MiKTeX\tex/latex/epstopdf-pkg\epstopdf-base.sty
Package: epstopdf-base 2020-01-24 v2.11 Base part for package epstopdf
Package epstopdf-base Info: Redefining graphics rule for `.eps' on input line 4
85.

(C:\Program Files\MiKTeX\tex/latex/00miktex\epstopdf-sys.cfg
File: epstopdf-sys.cfg 2021/03/18 v2.0 Configuration of epstopdf for MiKTeX
)) [1

{C:/Users/Anirudh Tomer/AppData/Local/MiKTeX/pdftex/config/pdftex.map}]
(supplementary/jm_param_estimation.tex

Package natbib Warning: Citation `mcculloch2005generalized' on page 2 undefined
 on input line 7.

[2]

Package natbib Warning: Citation `brown2009assessing' on page 3 undefined on in
put line 22.


Package natbib Warning: Citation `rizopoulos2012joint' on page 3 undefined on i
nput line 22.


Package natbib Warning: Citation `taylor2013real' on page 3 undefined on input 
line 22.


Package natbib Warning: Citation `eilers1996flexible' on page 3 undefined on in
put line 31.


Package natbib Warning: Citation `eilers1996flexible' on page 3 undefined on in
put line 35.

[3] [4]

Package natbib Warning: Citation `andrinopoulou2016bayesian' on page 5 undefine
d on input line 59.


Package natbib Warning: Citation `lang2004bayesian' on page 5 undefined on inpu
t line 60.


Package natbib Warning: Citation `jullion2007robust' on page 5 undefined on inp
ut line 64.

) [5] [6] (supplementary/prias_param_estimates.tex

Package natbib Warning: Citation `schroder1992tnm' on page 7 undefined on input
 line 10.


Package natbib Warning: Citation `schroder1992tnm' on page 7 undefined on input
 line 10.

[7

] [8]

Package natbib Warning: Citation `schroder1992tnm' on page 9 undefined on input
 line 54.


Package natbib Warning: Citation `pearson1994mixed' on page 9 undefined on inpu
t line 65.


Package natbib Warning: Citation `lin2000latent' on page 9 undefined on input l
ine 65.


Package natbib Warning: Citation `de1978practical' on page 9 undefined on input
 line 65.

[9

]

Package natbib Warning: Citation `eilers1996flexible' on page 10 undefined on i
nput line 77.

[10]
Package epstopdf Info: Source file: <images/npmle_plot.eps>
(epstopdf)                    date: 2020-01-06 14:00:24
(epstopdf)                    size: 59301 bytes
(epstopdf)             Output file: <images/npmle_plot-eps-converted-to.pdf>
(epstopdf)                    date: 2020-01-06 14:00:59
(epstopdf)                    size: 21339 bytes
(epstopdf)             Command: <miktex-epstopdf --outfile=images/npmle_plot-ep
s-converted-to.pdf images/npmle_plot.eps>
(epstopdf)             \includegraphics on input line 116.
Package epstopdf Info: Output file is already uptodate.
<images/npmle_plot-eps-converted-to.pdf, id=51, 397.485pt x 397.485pt>
File: images/npmle_plot-eps-converted-to.pdf Graphic file (type pdf)
<use images/npmle_plot-eps-converted-to.pdf>
Package pdftex.def Info: images/npmle_plot-eps-converted-to.pdf  used on input 
line 116.
(pdftex.def)             Requested size: 462.26999pt x 462.28381pt.


Package natbib Warning: Citation `turnbull1976empirical' on page 11 undefined o
n input line 117.


Package natbib Warning: Citation `turnbull1976empirical' on page 11 undefined o
n input line 117.


LaTeX Warning: Float too large for page by 100.04834pt on input line 119.


Underfull \hbox (badness 10000) in paragraph at lines 123--123
[]\OT1/cmr/m/n/12 Table 3: Es-ti-mated variance-covariance ma-trix $[]$ of the 
ran-dom ef-fects
 []

Package epstopdf Info: Source file: <images/fitted_9subject_dre.eps>
(epstopdf)                    date: 2020-01-06 16:32:01
(epstopdf)                    size: 91990 bytes
(epstopdf)             Output file: <images/fitted_9subject_dre-eps-converted-t
o.pdf>
(epstopdf)                    date: 2020-01-06 16:32:32
(epstopdf)                    size: 27206 bytes
(epstopdf)             Command: <miktex-epstopdf --outfile=images/fitted_9subje
ct_dre-eps-converted-to.pdf images/fitted_9subject_dre.eps>
(epstopdf)             \includegraphics on input line 184.
Package epstopdf Info: Output file is already uptodate.
<images/fitted_9subject_dre-eps-converted-to.pdf, id=52, 578.16pt x 578.16pt>
File: images/fitted_9subject_dre-eps-converted-to.pdf Graphic file (type pdf)
<use images/fitted_9subject_dre-eps-converted-to.pdf>
Package pdftex.def Info: images/fitted_9subject_dre-eps-converted-to.pdf  used 
on input line 184.
(pdftex.def)             Requested size: 462.26999pt x 462.26396pt.

LaTeX Warning: Float too large for page by 56.52849pt on input line 187.

Package epstopdf Info: Source file: <images/fitted_9subject_psa.eps>
(epstopdf)                    date: 2020-01-06 16:18:26
(epstopdf)                    size: 104279 bytes
(epstopdf)             Output file: <images/fitted_9subject_psa-eps-converted-t
o.pdf>
(epstopdf)                    date: 2020-01-06 16:19:14
(epstopdf)                    size: 31544 bytes
(epstopdf)             Command: <miktex-epstopdf --outfile=images/fitted_9subje
ct_psa-eps-converted-to.pdf images/fitted_9subject_psa.eps>
(epstopdf)             \includegraphics on input line 190.
Package epstopdf Info: Output file is already uptodate.
<images/fitted_9subject_psa-eps-converted-to.pdf, id=53, 578.16pt x 578.16pt>
File: images/fitted_9subject_psa-eps-converted-to.pdf Graphic file (type pdf)
<use images/fitted_9subject_psa-eps-converted-to.pdf>
Package pdftex.def Info: images/fitted_9subject_psa-eps-converted-to.pdf  used 
on input line 190.
(pdftex.def)             Requested size: 462.26999pt x 462.26396pt.

LaTeX Warning: Float too large for page by 13.02849pt on input line 193.

[11

] [12 <./images/npmle_plot-eps-converted-to.pdf>] [13] [14] [15] [16 <./images/
fitted_9subject_dre-eps-converted-to.pdf>] [17 <./images/fitted_9subject_psa-ep
s-converted-to.pdf>] [18]
Package epstopdf Info: Source file: <images/qqplot.eps>
(epstopdf)                    date: 2021-08-18 21:44:25
(epstopdf)                    size: 48425311 bytes
(epstopdf)             Output file: <images/qqplot-eps-converted-to.pdf>
(epstopdf)                    date: 2021-08-18 21:45:37
(epstopdf)                    size: 1456046 bytes
(epstopdf)             Command: <miktex-epstopdf --outfile=images/qqplot-eps-co
nverted-to.pdf images/qqplot.eps>
(epstopdf)             \includegraphics on input line 266.
Package epstopdf Info: Output file is already uptodate.


pdfTeX warning: pdflatex.exe (file ./images/qqplot-eps-converted-to.pdf): PDF i
nclusion: found PDF version <1.7>, but at most version <1.5> allowed
<images/qqplot-eps-converted-to.pdf, id=98, 578.16pt x 397.485pt>
File: images/qqplot-eps-converted-to.pdf Graphic file (type pdf)
<use images/qqplot-eps-converted-to.pdf>
Package pdftex.def Info: images/qqplot-eps-converted-to.pdf  used on input line
 266.
(pdftex.def)             Requested size: 462.26999pt x 317.80647pt.
[19

] [20 <./images/qqplot-eps-converted-to.pdf>]

Package natbib Warning: Citation `landmarking2017' on page 21 undefined on inpu
t line 273.


Package natbib Warning: Citation `steyerberg2010assessing' on page 21 undefined
 on input line 273.

) [21

] [22] (supplementary/sim_study_full_res.tex) [23

]

LaTeX Warning: Text page 24 contains only floats.


Overfull \vbox (6.41429pt too high) has occurred while \output is active []


[24] (supplementary/source_code.tex) [25

]
No file supplementary.bbl.

Package natbib Warning: There were undefined citations.

(supplementary.aux)

LaTeX Warning: There were multiply-defined labels.

 ) 
Here is how much of TeX's memory you used:
 2506 strings out of 478864
 35624 string characters out of 2858491
 354862 words of memory out of 3000000
 20400 multiletter control sequences out of 15000+600000
 415703 words of font info for 69 fonts, out of 8000000 for 9000
 1141 hyphenation exceptions out of 8191
 57i,19n,66p,1543b,305s stack positions out of 5000i,500n,10000p,200000b,80000s
 <C:\Users\Anirudh Tomer\AppData\Local\MiKTeX\fonts/pk/ljfour/jknappen/ec/dpi
600\tcrm0700.pk> <C:\Users\Anirudh Tomer\AppData\Local\MiKTeX\fonts/pk/ljfour/j
knappen/ec/dpi600\tcrm1000.pk><C:/Program Files/MiKTeX/fonts/type1/public/amsfo
nts/cm/cmbx10.pfb><C:/Program Files/MiKTeX/fonts/type1/public/amsfonts/cm/cmbx1
2.pfb><C:/Program Files/MiKTeX/fonts/type1/public/amsfonts/cm/cmex10.pfb><C:/Pr
ogram Files/MiKTeX/fonts/type1/public/amsfonts/cm/cmmi12.pfb><C:/Program Files/
MiKTeX/fonts/type1/public/amsfonts/cm/cmmi6.pfb><C:/Program Files/MiKTeX/fonts/
type1/public/amsfonts/cm/cmmi8.pfb><C:/Program Files/MiKTeX/fonts/type1/public/
amsfonts/cm/cmmib10.pfb><C:/Program Files/MiKTeX/fonts/type1/public/amsfonts/cm
extra/cmmib8.pfb><C:/Program Files/MiKTeX/fonts/type1/public/amsfonts/cm/cmr10.
pfb><C:/Program Files/MiKTeX/fonts/type1/public/amsfonts/cm/cmr12.pfb><C:/Progr
am Files/MiKTeX/fonts/type1/public/amsfonts/cm/cmr6.pfb><C:/Program Files/MiKTe
X/fonts/type1/public/amsfonts/cm/cmr8.pfb><C:/Program Files/MiKTeX/fonts/type1/
public/amsfonts/cm/cmsy10.pfb><C:/Program Files/MiKTeX/fonts/type1/public/amsfo
nts/cm/cmsy8.pfb><C:/Program Files/MiKTeX/fonts/type1/public/amsfonts/cm/cmti10
.pfb><C:/Program Files/MiKTeX/fonts/type1/public/amsfonts/cm/cmti12.pfb><C:/Pro
gram Files/MiKTeX/fonts/type1/public/amsfonts/cm/cmtt12.pfb>
Output written on supplementary.pdf (25 pages, 1795068 bytes).
PDF statistics:
 210 PDF objects out of 1000 (max. 8388607)
 0 named destinations out of 1000 (max. 500000)
 21 words of extra memory for PDF output out of 10000 (max. 10000000)

